Using pre-set license
Built from '2020.3/staging' branch; Version is '2020.3.19f1 (68f137dc9bbe) revision 6877495'; Using compiler version '192528614'; Build Type 'Release'
OS: 'Windows 8.1  (6.3.0) 64bit' Language: 'en' Physical Memory: 8115 MB
BatchMode: 1, IsHumanControllingUs: 0, StartBugReporterOnCrash: 0, Is64bit: 1, IsPro: 0

COMMAND LINE ARGUMENTS:
C:\Program Files\Unity\Hub\Editor\2020.3.19f1\Editor\Unity.exe
-adb2
-batchMode
-noUpm
-name
AssetImportWorker0
-projectPath
C:/Users/Sunil/Documents/i4-spaceport-master
-logFile
Logs/AssetImportWorker0.log
-srvPort
57756
Successfully changed project path to: C:/Users/Sunil/Documents/i4-spaceport-master
C:/Users/Sunil/Documents/i4-spaceport-master
Using Asset Import Pipeline V2.
Refreshing native plugins compatible for Editor in 35.86 ms, found 2 plugins.
Preloading 0 native plugins for Editor in 0.00 ms.
Initialize engine version: 2020.3.19f1 (68f137dc9bbe)
[Subsystems] Discovering subsystems at path C:/Program Files/Unity/Hub/Editor/2020.3.19f1/Editor/Data/Resources/UnitySubsystems
[Subsystems] Discovering subsystems at path C:/Users/Sunil/Documents/i4-spaceport-master/Assets
GfxDevice: creating device client; threaded=0
d3d11: QueryInterface(IDXGIFactory5) failed (80004002).
Direct3D:
    Version:  Direct3D 11.0 [level 11.0]
    Renderer: Intel(R) HD Graphics 4600 (ID=0x416)
    Vendor:   
    VRAM:     1792 MB
    Driver:   21.21.13.7654
Initialize mono
Mono path[0] = 'C:/Program Files/Unity/Hub/Editor/2020.3.19f1/Editor/Data/Managed'
Mono path[1] = 'C:/Program Files/Unity/Hub/Editor/2020.3.19f1/Editor/Data/MonoBleedingEdge/lib/mono/unityjit'
Mono config path = 'C:/Program Files/Unity/Hub/Editor/2020.3.19f1/Editor/Data/MonoBleedingEdge/etc'
Using monoOptions --debugger-agent=transport=dt_socket,embedding=1,server=y,suspend=n,address=127.0.0.1:56472
Begin MonoManager ReloadAssembly
Registering precompiled unity dll's ...
Register platform support module: C:/Program Files/Unity/Hub/Editor/2020.3.19f1/Editor/Data/PlaybackEngines/WindowsStandaloneSupport/UnityEditor.WindowsStandalone.Extensions.dll
Registered in 0.001216 seconds.
Native extension for WindowsStandalone target not found
Refreshing native plugins compatible for Editor in 36.93 ms, found 2 plugins.
Preloading 0 native plugins for Editor in 0.00 ms.
Mono: successfully reloaded assembly
- Completed reload, in  1.147 seconds
Domain Reload Profiling:
	ReloadAssembly (1147ms)
		BeginReloadAssembly (65ms)
			ExecutionOrderSort (0ms)
			DisableScriptedObjects (0ms)
			BackupInstance (0ms)
			ReleaseScriptingObjects (0ms)
			CreateAndSetChildDomain (1ms)
		EndReloadAssembly (519ms)
			LoadAssemblies (63ms)
			RebuildTransferFunctionScriptingTraits (0ms)
			SetupTypeCache (216ms)
			ReleaseScriptCaches (0ms)
			RebuildScriptCaches (44ms)
			SetupLoadedEditorAssemblies (185ms)
				LogAssemblyErrors (0ms)
				InitializePlatformSupportModulesInManaged (5ms)
				SetLoadedEditorAssemblies (0ms)
				RefreshPlugins (37ms)
				BeforeProcessingInitializeOnLoad (11ms)
				ProcessInitializeOnLoadAttributes (96ms)
				ProcessInitializeOnLoadMethodAttributes (36ms)
				AfterProcessingInitializeOnLoad (0ms)
				EditorAssembliesLoaded (0ms)
			ExecutionOrderSort2 (0ms)
			AwakeInstancesAfterBackupRestoration (0ms)
Platform modules already initialized, skipping
Registering precompiled user dll's ...
Registered in 0.002254 seconds.
Begin MonoManager ReloadAssembly
Native extension for WindowsStandalone target not found
Refreshing native plugins compatible for Editor in 0.38 ms, found 2 plugins.
Preloading 0 native plugins for Editor in 0.00 ms.
Mono: successfully reloaded assembly
- Completed reload, in  1.267 seconds
Domain Reload Profiling:
	ReloadAssembly (1268ms)
		BeginReloadAssembly (192ms)
			ExecutionOrderSort (0ms)
			DisableScriptedObjects (5ms)
			BackupInstance (0ms)
			ReleaseScriptingObjects (0ms)
			CreateAndSetChildDomain (21ms)
		EndReloadAssembly (1003ms)
			LoadAssemblies (88ms)
			RebuildTransferFunctionScriptingTraits (0ms)
			SetupTypeCache (373ms)
			ReleaseScriptCaches (0ms)
			RebuildScriptCaches (58ms)
			SetupLoadedEditorAssemblies (324ms)
				LogAssemblyErrors (0ms)
				InitializePlatformSupportModulesInManaged (6ms)
				SetLoadedEditorAssemblies (1ms)
				RefreshPlugins (0ms)
				BeforeProcessingInitializeOnLoad (58ms)
				ProcessInitializeOnLoadAttributes (249ms)
				ProcessInitializeOnLoadMethodAttributes (6ms)
				AfterProcessingInitializeOnLoad (4ms)
				EditorAssembliesLoaded (0ms)
			ExecutionOrderSort2 (0ms)
			AwakeInstancesAfterBackupRestoration (9ms)
Platform modules already initialized, skipping
========================================================================
Worker process is ready to serve import requests
Launched and connected shader compiler UnityShaderCompiler.exe after 0.02 seconds
Refreshing native plugins compatible for Editor in 0.40 ms, found 2 plugins.
Preloading 0 native plugins for Editor in 0.00 ms.
Unloading 1408 Unused Serialized files (Serialized files now loaded: 0)
System memory in use before: 70.3 MB.
System memory in use after: 70.4 MB.

Unloading 16 unused Assets to reduce memory usage. Loaded Objects now: 1853.
Total: 3.722909 ms (FindLiveObjects: 0.207139 ms CreateObjectMapping: 0.065781 ms MarkObjects: 3.338022 ms  DeleteObjects: 0.111034 ms)

AssetImportParameters requested are different than current active one (requested -> active):
  custom:framework-win-MediaFoundation: 216162199b28c13a410421893ffa2e32 -> 
  custom:video-decoder-ogg-theora: a1e56fd34408186e4bbccfd4996cb3dc -> 
  custom:container-muxer-webm: aa71ff27fc2769a1b78a27578f13a17b -> 
  custom:container-demuxer-webm: 4f35f7cbe854078d1ac9338744f61a02 -> 
  custom:container-demuxer-ogg: 62fdf1f143b41e24485cea50d1cbac27 -> 
  custom:video-encoder-webm-vp8: eb34c28f22e8b96e1ab97ce403110664 -> 
  custom:video-decoder-webm-vp8: 9c59270c3fd7afecdb556c50c9e8de78 -> 
  custom:audio-decoder-ogg-vorbis: bf7c407c2cedff20999df2af8eb42d56 -> 
  custom:audio-encoder-webm-vorbis: bf7c407c2cedff20999df2af8eb42d56 -> 
========================================================================
Received Import Request.
  path: Assets/Prefabs/Station-2.prefab
  artifactKey: Guid(bfbcb4f6a2fe0e14b85f38b884b77597) Importer(815301076,1909f56bfc062723c751e8b465ee728b)
Start importing Assets/Prefabs/Station-2.prefab using Guid(bfbcb4f6a2fe0e14b85f38b884b77597) Importer(815301076,1909f56bfc062723c751e8b465ee728b)  -> (artifact id: '346d9f57be32e8c9ad1702c2f9955ef5') in 0.116512 seconds 
  Import took 0.119434 seconds .

========================================================================
Received Import Request.
  Time since last request: 61.012934 seconds.
  path: Assets/Materials
  artifactKey: Guid(69bdbaae02b29044cb86db6d4cdb5cd0) Importer(815301076,1909f56bfc062723c751e8b465ee728b)
Start importing Assets/Materials using Guid(69bdbaae02b29044cb86db6d4cdb5cd0) Importer(815301076,1909f56bfc062723c751e8b465ee728b)  -> (artifact id: '0baf9c6667f26f51170d91789e1ea9bf') in 0.008878 seconds 
  Import took 0.012115 seconds .

========================================================================
Received Import Request.
  Time since last request: 0.075085 seconds.
  path: Assets/Materials/BackOfCubby.mat
  artifactKey: Guid(46b8e3c1d5e1a2a4eba0c54fcb0ca248) Importer(815301076,1909f56bfc062723c751e8b465ee728b)
Start importing Assets/Materials/BackOfCubby.mat using Guid(46b8e3c1d5e1a2a4eba0c54fcb0ca248) Importer(815301076,1909f56bfc062723c751e8b465ee728b)  -> (artifact id: '3c99520dc9449b883faadda2cfe0c0ea') in 0.052686 seconds 
  Import took 0.056292 seconds .

========================================================================
Received Import Request.
  Time since last request: 0.000205 seconds.
  path: Assets/Materials/Outside Box.mat
  artifactKey: Guid(23722311e3cf6b640895ebf23879c935) Importer(815301076,1909f56bfc062723c751e8b465ee728b)
Start importing Assets/Materials/Outside Box.mat using Guid(23722311e3cf6b640895ebf23879c935) Importer(815301076,1909f56bfc062723c751e8b465ee728b)  -> (artifact id: '0f63b638da1e49fed90e82f5c32e8519') in 0.017614 seconds 
  Import took 0.020979 seconds .

========================================================================
Received Import Request.
  Time since last request: 0.000259 seconds.
  path: Assets/Materials/BackOfCubbyBlue.mat
  artifactKey: Guid(e90300ff9409dff458f0a558d556fce3) Importer(815301076,1909f56bfc062723c751e8b465ee728b)
Start importing Assets/Materials/BackOfCubbyBlue.mat using Guid(e90300ff9409dff458f0a558d556fce3) Importer(815301076,1909f56bfc062723c751e8b465ee728b)  -> (artifact id: 'ad71d926c35367d2e4e836ac7c488e3c') in 0.022190 seconds 
  Import took 0.025671 seconds .

========================================================================
Received Import Request.
  Time since last request: 0.000256 seconds.
  path: Assets/Materials/New Material.mat
  artifactKey: Guid(983f9a8c48dc88142beb5006a4c4d3e8) Importer(815301076,1909f56bfc062723c751e8b465ee728b)
Start importing Assets/Materials/New Material.mat using Guid(983f9a8c48dc88142beb5006a4c4d3e8) Importer(815301076,1909f56bfc062723c751e8b465ee728b)  -> (artifact id: '9daf062d9c8203a1df5065988df5ab67') in 0.024368 seconds 
  Import took 0.027607 seconds .

========================================================================
Received Import Request.
  Time since last request: 0.000201 seconds.
  path: Assets/Materials/CubbyColour.mat
  artifactKey: Guid(4bfe60925f95d284688197bbaa234191) Importer(815301076,1909f56bfc062723c751e8b465ee728b)
Start importing Assets/Materials/CubbyColour.mat using Guid(4bfe60925f95d284688197bbaa234191) Importer(815301076,1909f56bfc062723c751e8b465ee728b)  -> (artifact id: '2d3fae9cc9d104fc73cf910f0a75e6a3') in 0.022813 seconds 
  Import took 0.026485 seconds .

AssetImportWorkerClient::OnTransportError - code=2 error=End of file
