Using pre-set license
Built from '2020.3/staging' branch; Version is '2020.3.19f1 (68f137dc9bbe) revision 6877495'; Using compiler version '192528614'; Build Type 'Release'
OS: 'Windows 8.1  (6.3.0) 64bit' Language: 'en' Physical Memory: 8115 MB
BatchMode: 1, IsHumanControllingUs: 0, StartBugReporterOnCrash: 0, Is64bit: 1, IsPro: 0

COMMAND LINE ARGUMENTS:
C:\Program Files\Unity\Hub\Editor\2020.3.19f1\Editor\Unity.exe
-adb2
-batchMode
-noUpm
-name
AssetImportWorker0
-projectPath
C:/Users/Sunil/Documents/i4-spaceport-master
-logFile
Logs/AssetImportWorker0.log
-srvPort
65466
Successfully changed project path to: C:/Users/Sunil/Documents/i4-spaceport-master
C:/Users/Sunil/Documents/i4-spaceport-master
Using Asset Import Pipeline V2.
Refreshing native plugins compatible for Editor in 33.96 ms, found 2 plugins.
Preloading 0 native plugins for Editor in 0.00 ms.
Initialize engine version: 2020.3.19f1 (68f137dc9bbe)
[Subsystems] Discovering subsystems at path C:/Program Files/Unity/Hub/Editor/2020.3.19f1/Editor/Data/Resources/UnitySubsystems
[Subsystems] Discovering subsystems at path C:/Users/Sunil/Documents/i4-spaceport-master/Assets
GfxDevice: creating device client; threaded=0
d3d11: QueryInterface(IDXGIFactory5) failed (80004002).
Direct3D:
    Version:  Direct3D 11.0 [level 11.0]
    Renderer: Intel(R) HD Graphics 4600 (ID=0x416)
    Vendor:   
    VRAM:     1792 MB
    Driver:   21.21.13.7654
Initialize mono
Mono path[0] = 'C:/Program Files/Unity/Hub/Editor/2020.3.19f1/Editor/Data/Managed'
Mono path[1] = 'C:/Program Files/Unity/Hub/Editor/2020.3.19f1/Editor/Data/MonoBleedingEdge/lib/mono/unityjit'
Mono config path = 'C:/Program Files/Unity/Hub/Editor/2020.3.19f1/Editor/Data/MonoBleedingEdge/etc'
Using monoOptions --debugger-agent=transport=dt_socket,embedding=1,server=y,suspend=n,address=127.0.0.1:56320
Begin MonoManager ReloadAssembly
Registering precompiled unity dll's ...
Register platform support module: C:/Program Files/Unity/Hub/Editor/2020.3.19f1/Editor/Data/PlaybackEngines/WindowsStandaloneSupport/UnityEditor.WindowsStandalone.Extensions.dll
Registered in 0.001266 seconds.
Native extension for WindowsStandalone target not found
Refreshing native plugins compatible for Editor in 33.95 ms, found 2 plugins.
Preloading 0 native plugins for Editor in 0.00 ms.
Mono: successfully reloaded assembly
- Completed reload, in  1.063 seconds
Domain Reload Profiling:
	ReloadAssembly (1063ms)
		BeginReloadAssembly (55ms)
			ExecutionOrderSort (0ms)
			DisableScriptedObjects (0ms)
			BackupInstance (0ms)
			ReleaseScriptingObjects (0ms)
			CreateAndSetChildDomain (1ms)
		EndReloadAssembly (478ms)
			LoadAssemblies (53ms)
			RebuildTransferFunctionScriptingTraits (0ms)
			SetupTypeCache (197ms)
			ReleaseScriptCaches (0ms)
			RebuildScriptCaches (33ms)
			SetupLoadedEditorAssemblies (178ms)
				LogAssemblyErrors (0ms)
				InitializePlatformSupportModulesInManaged (5ms)
				SetLoadedEditorAssemblies (0ms)
				RefreshPlugins (34ms)
				BeforeProcessingInitializeOnLoad (11ms)
				ProcessInitializeOnLoadAttributes (94ms)
				ProcessInitializeOnLoadMethodAttributes (33ms)
				AfterProcessingInitializeOnLoad (0ms)
				EditorAssembliesLoaded (0ms)
			ExecutionOrderSort2 (0ms)
			AwakeInstancesAfterBackupRestoration (0ms)
Platform modules already initialized, skipping
Registering precompiled user dll's ...
Registered in 0.002318 seconds.
Begin MonoManager ReloadAssembly
Native extension for WindowsStandalone target not found
Refreshing native plugins compatible for Editor in 0.37 ms, found 2 plugins.
Preloading 0 native plugins for Editor in 0.00 ms.
Mono: successfully reloaded assembly
- Completed reload, in  1.124 seconds
Domain Reload Profiling:
	ReloadAssembly (1125ms)
		BeginReloadAssembly (164ms)
			ExecutionOrderSort (0ms)
			DisableScriptedObjects (5ms)
			BackupInstance (0ms)
			ReleaseScriptingObjects (0ms)
			CreateAndSetChildDomain (21ms)
		EndReloadAssembly (894ms)
			LoadAssemblies (89ms)
			RebuildTransferFunctionScriptingTraits (0ms)
			SetupTypeCache (336ms)
			ReleaseScriptCaches (0ms)
			RebuildScriptCaches (46ms)
			SetupLoadedEditorAssemblies (307ms)
				LogAssemblyErrors (0ms)
				InitializePlatformSupportModulesInManaged (5ms)
				SetLoadedEditorAssemblies (1ms)
				RefreshPlugins (0ms)
				BeforeProcessingInitializeOnLoad (58ms)
				ProcessInitializeOnLoadAttributes (234ms)
				ProcessInitializeOnLoadMethodAttributes (5ms)
				AfterProcessingInitializeOnLoad (4ms)
				EditorAssembliesLoaded (0ms)
			ExecutionOrderSort2 (0ms)
			AwakeInstancesAfterBackupRestoration (7ms)
Platform modules already initialized, skipping
========================================================================
Worker process is ready to serve import requests
Launched and connected shader compiler UnityShaderCompiler.exe after 0.02 seconds
Refreshing native plugins compatible for Editor in 0.44 ms, found 2 plugins.
Preloading 0 native plugins for Editor in 0.00 ms.
Unloading 1408 Unused Serialized files (Serialized files now loaded: 0)
System memory in use before: 70.3 MB.
System memory in use after: 70.4 MB.

Unloading 16 unused Assets to reduce memory usage. Loaded Objects now: 1853.
Total: 3.547494 ms (FindLiveObjects: 0.206673 ms CreateObjectMapping: 0.064381 ms MarkObjects: 3.180335 ms  DeleteObjects: 0.095172 ms)

AssetImportParameters requested are different than current active one (requested -> active):
  custom:framework-win-MediaFoundation: 216162199b28c13a410421893ffa2e32 -> 
  custom:video-decoder-ogg-theora: a1e56fd34408186e4bbccfd4996cb3dc -> 
  custom:container-muxer-webm: aa71ff27fc2769a1b78a27578f13a17b -> 
  custom:container-demuxer-webm: 4f35f7cbe854078d1ac9338744f61a02 -> 
  custom:container-demuxer-ogg: 62fdf1f143b41e24485cea50d1cbac27 -> 
  custom:video-encoder-webm-vp8: eb34c28f22e8b96e1ab97ce403110664 -> 
  custom:video-decoder-webm-vp8: 9c59270c3fd7afecdb556c50c9e8de78 -> 
  custom:audio-decoder-ogg-vorbis: bf7c407c2cedff20999df2af8eb42d56 -> 
  custom:audio-encoder-webm-vorbis: bf7c407c2cedff20999df2af8eb42d56 -> 
========================================================================
Received Import Request.
  path: Assets/Prefabs/Station-2.prefab
  artifactKey: Guid(bfbcb4f6a2fe0e14b85f38b884b77597) Importer(815301076,1909f56bfc062723c751e8b465ee728b)
Start importing Assets/Prefabs/Station-2.prefab using Guid(bfbcb4f6a2fe0e14b85f38b884b77597) Importer(815301076,1909f56bfc062723c751e8b465ee728b)  -> (artifact id: '7f946cb5d496cef23f1eef582c478cd8') in 0.117974 seconds 
  Import took 0.121099 seconds .

========================================================================
Received Import Request.
  Time since last request: 14.667380 seconds.
  path: Assets/Prefabs/Cubby_tools.prefab
  artifactKey: Guid(76a076d669f087b459c9fa258fb2f4ad) Importer(815301076,1909f56bfc062723c751e8b465ee728b)
Start importing Assets/Prefabs/Cubby_tools.prefab using Guid(76a076d669f087b459c9fa258fb2f4ad) Importer(815301076,1909f56bfc062723c751e8b465ee728b)  -> (artifact id: '20b19f96105763a3b9a272956ec04e15') in 0.253527 seconds 
  Import took 0.269039 seconds .

========================================================================
Received Import Request.
  Time since last request: 0.000230 seconds.
  path: Assets/Prefabs/Row of cuby.prefab
  artifactKey: Guid(fb2983f1956931d4c811daf13b0f563e) Importer(815301076,1909f56bfc062723c751e8b465ee728b)
Start importing Assets/Prefabs/Row of cuby.prefab using Guid(fb2983f1956931d4c811daf13b0f563e) Importer(815301076,1909f56bfc062723c751e8b465ee728b)  -> (artifact id: '2e6d3e7480d3ec6d405a41dc91a9d743') in 0.056392 seconds 
  Import took 0.061412 seconds .

========================================================================
Received Import Request.
  Time since last request: 0.000196 seconds.
  path: Assets/Prefabs/Cubby_with_lockers.prefab
  artifactKey: Guid(5d891a7cd7b205341a58df2815df767c) Importer(815301076,1909f56bfc062723c751e8b465ee728b)
Start importing Assets/Prefabs/Cubby_with_lockers.prefab using Guid(5d891a7cd7b205341a58df2815df767c) Importer(815301076,1909f56bfc062723c751e8b465ee728b)  -> (artifact id: '918a75c1f66e9afca652e7a48b739984') in 0.030902 seconds 
  Import took 0.033974 seconds .

========================================================================
Received Import Request.
  Time since last request: 19.408760 seconds.
  path: Assets/Prefabs/Cubby.prefab
  artifactKey: Guid(26ab0f5ebb504994d8da20759d8e3a83) Importer(815301076,1909f56bfc062723c751e8b465ee728b)
Start importing Assets/Prefabs/Cubby.prefab using Guid(26ab0f5ebb504994d8da20759d8e3a83) Importer(815301076,1909f56bfc062723c751e8b465ee728b)  -> (artifact id: '1a762807d77aa3bee04bd8ecd33c1539') in 0.025046 seconds 
  Import took 0.028491 seconds .

========================================================================
Received Import Request.
  Time since last request: 0.000208 seconds.
  path: Assets/Prefabs/Full Cubby With Tools.prefab
  artifactKey: Guid(5ffeae3d010ef044cbb20fc97571427d) Importer(815301076,1909f56bfc062723c751e8b465ee728b)
Start importing Assets/Prefabs/Full Cubby With Tools.prefab using Guid(5ffeae3d010ef044cbb20fc97571427d) Importer(815301076,1909f56bfc062723c751e8b465ee728b)  -> (artifact id: '7e6232fa0745510b0df4ef9557a937f7') in 0.175165 seconds 
  Import took 0.190899 seconds .

========================================================================
Received Import Request.
  Time since last request: 110.314647 seconds.
  path: Assets/Prefabs/Cubby_tools.prefab
  artifactKey: Guid(76a076d669f087b459c9fa258fb2f4ad) Importer(815301076,1909f56bfc062723c751e8b465ee728b)
Start importing Assets/Prefabs/Cubby_tools.prefab using Guid(76a076d669f087b459c9fa258fb2f4ad) Importer(815301076,1909f56bfc062723c751e8b465ee728b)  -> (artifact id: '698af15dca29a5a3c34cddf7e370042d') in 0.182073 seconds 
  Import took 0.197955 seconds .

========================================================================
Received Import Request.
  Time since last request: 0.000250 seconds.
  path: Assets/Prefabs/Full Cubby With Tools.prefab
  artifactKey: Guid(5ffeae3d010ef044cbb20fc97571427d) Importer(815301076,1909f56bfc062723c751e8b465ee728b)
Start importing Assets/Prefabs/Full Cubby With Tools.prefab using Guid(5ffeae3d010ef044cbb20fc97571427d) Importer(815301076,1909f56bfc062723c751e8b465ee728b)  -> (artifact id: 'cafc274d7a6f0c9f96a43b01d824f75c') in 0.157440 seconds 
  Import took 0.172459 seconds .

========================================================================
Received Import Request.
  Time since last request: 0.000243 seconds.
  path: Assets/Prefabs/Row of cuby with lockers.prefab
  artifactKey: Guid(fb2983f1956931d4c811daf13b0f563e) Importer(815301076,1909f56bfc062723c751e8b465ee728b)
Start importing Assets/Prefabs/Row of cuby with lockers.prefab using Guid(fb2983f1956931d4c811daf13b0f563e) Importer(815301076,1909f56bfc062723c751e8b465ee728b)  -> (artifact id: 'aaf0c7d82ffba86f57b0d3e6a06bee28') in 0.055851 seconds 
  Import took 0.061666 seconds .

========================================================================
Received Import Request.
  Time since last request: 8031.187353 seconds.
  path: Assets/Prefabs/Cubby test.prefab
  artifactKey: Guid(a3e8f7afd5d26de458f4adfaf951d028) Importer(815301076,1909f56bfc062723c751e8b465ee728b)
Start importing Assets/Prefabs/Cubby test.prefab using Guid(a3e8f7afd5d26de458f4adfaf951d028) Importer(815301076,1909f56bfc062723c751e8b465ee728b)  -> (artifact id: '164fd992be7a0db6a7f37a2302c42f37') in 0.023292 seconds 
  Import took 0.028676 seconds .

========================================================================
Received Import Request.
  Time since last request: 0.000367 seconds.
  path: Assets/Prefabs/Row of cuby test.prefab
  artifactKey: Guid(8a9327c4aa71a834c864072cc3a043f7) Importer(815301076,1909f56bfc062723c751e8b465ee728b)
Start importing Assets/Prefabs/Row of cuby test.prefab using Guid(8a9327c4aa71a834c864072cc3a043f7) Importer(815301076,1909f56bfc062723c751e8b465ee728b)  -> (artifact id: '9c905be794d902f1050e2dbef4d5c88f') in 0.080663 seconds 
  Import took 0.086679 seconds .

========================================================================
Received Import Request.
  Time since last request: 0.000201 seconds.
  path: Assets/Prefabs/Cubby_tools_test.prefab
  artifactKey: Guid(e9973a0737ecd08418bcbc3819f80d8b) Importer(815301076,1909f56bfc062723c751e8b465ee728b)
Start importing Assets/Prefabs/Cubby_tools_test.prefab using Guid(e9973a0737ecd08418bcbc3819f80d8b) Importer(815301076,1909f56bfc062723c751e8b465ee728b)  -> (artifact id: '8ed9e7ab40520c349547737df6e55eaa') in 0.205959 seconds 
  Import took 0.220776 seconds .

========================================================================
Received Import Request.
  Time since last request: 292.401940 seconds.
  path: Assets/Prefabs/Cubby_tools.prefab
  artifactKey: Guid(76a076d669f087b459c9fa258fb2f4ad) Importer(815301076,1909f56bfc062723c751e8b465ee728b)
Start importing Assets/Prefabs/Cubby_tools.prefab using Guid(76a076d669f087b459c9fa258fb2f4ad) Importer(815301076,1909f56bfc062723c751e8b465ee728b)  -> (artifact id: '613c3733d23ecddab8a5a894085f97c2') in 0.192860 seconds 
  Import took 0.207033 seconds .

========================================================================
Received Import Request.
  Time since last request: 6.958778 seconds.
  path: Assets/Prefabs/Cubby_tools.prefab
  artifactKey: Guid(76a076d669f087b459c9fa258fb2f4ad) Importer(815301076,1909f56bfc062723c751e8b465ee728b)
Start importing Assets/Prefabs/Cubby_tools.prefab using Guid(76a076d669f087b459c9fa258fb2f4ad) Importer(815301076,1909f56bfc062723c751e8b465ee728b)  -> (artifact id: '5b8131ca02a970c163fd8893a7a0e3bf') in 0.192317 seconds 
  Import took 0.209323 seconds .

========================================================================
Received Import Request.
  Time since last request: 179.036162 seconds.
  path: Assets/_Flashlight PRO
  artifactKey: Guid(9db4cb7bf26187140af46d966caa56e0) Importer(815301076,1909f56bfc062723c751e8b465ee728b)
Start importing Assets/_Flashlight PRO using Guid(9db4cb7bf26187140af46d966caa56e0) Importer(815301076,1909f56bfc062723c751e8b465ee728b)  -> (artifact id: 'c4728d104baf05d8bf7c0bc007835e87') in 0.012129 seconds 
  Import took 0.016622 seconds .

========================================================================
Received Import Request.
  Time since last request: 2.183637 seconds.
  path: Assets/_Flashlight PRO/_PREFABS
  artifactKey: Guid(c9d3ef9ab53457946824ee8f5ee55ee3) Importer(815301076,1909f56bfc062723c751e8b465ee728b)
Start importing Assets/_Flashlight PRO/_PREFABS using Guid(c9d3ef9ab53457946824ee8f5ee55ee3) Importer(815301076,1909f56bfc062723c751e8b465ee728b)  -> (artifact id: '166349118723d33ee7d16698325709f8') in 0.011774 seconds 
  Import took 0.015306 seconds .

========================================================================
Received Import Request.
  Time since last request: 0.054931 seconds.
  path: Assets/_Flashlight PRO/_PREFABS/Flashlight.prefab
  artifactKey: Guid(47af58fd905aee649a315f604914d38e) Importer(815301076,1909f56bfc062723c751e8b465ee728b)
Start importing Assets/_Flashlight PRO/_PREFABS/Flashlight.prefab using Guid(47af58fd905aee649a315f604914d38e) Importer(815301076,1909f56bfc062723c751e8b465ee728b)  -> (artifact id: 'dd47a1486b950a8014505197e53141ae') in 0.032670 seconds 
  Import took 0.036499 seconds .

========================================================================
Received Import Request.
  Time since last request: 1.598382 seconds.
  path: Assets/Blender
  artifactKey: Guid(e9df0592de0959b4b84fee452efe1b57) Importer(815301076,1909f56bfc062723c751e8b465ee728b)
Start importing Assets/Blender using Guid(e9df0592de0959b4b84fee452efe1b57) Importer(815301076,1909f56bfc062723c751e8b465ee728b)  -> (artifact id: '7d7cffe5d0b967fe2550575604a89736') in 0.009119 seconds 
  Import took 0.015222 seconds .

========================================================================
Received Import Request.
  Time since last request: 1.910092 seconds.
  path: Assets/Hammer
  artifactKey: Guid(6f856878d8ef0b447854cb218b1bf130) Importer(815301076,1909f56bfc062723c751e8b465ee728b)
Start importing Assets/Hammer using Guid(6f856878d8ef0b447854cb218b1bf130) Importer(815301076,1909f56bfc062723c751e8b465ee728b)  -> (artifact id: '2fdda1165ae32a0eb0d1bcbb54a8ce0c') in 0.008997 seconds 
  Import took 0.012578 seconds .

========================================================================
Received Import Request.
  Time since last request: 5.345772 seconds.
  path: Assets/Locker
  artifactKey: Guid(24cffc2bd63d4d54e95b8d467cf8753d) Importer(815301076,1909f56bfc062723c751e8b465ee728b)
Start importing Assets/Locker using Guid(24cffc2bd63d4d54e95b8d467cf8753d) Importer(815301076,1909f56bfc062723c751e8b465ee728b)  -> (artifact id: 'fe5dbe34168cc97c60f5d0869d5a01f6') in 0.008227 seconds 
  Import took 0.011617 seconds .

========================================================================
Received Import Request.
  Time since last request: 23.738869 seconds.
  path: Assets/Models
  artifactKey: Guid(da2c3212ac2009f47abae4d180b2367a) Importer(815301076,1909f56bfc062723c751e8b465ee728b)
Start importing Assets/Models using Guid(da2c3212ac2009f47abae4d180b2367a) Importer(815301076,1909f56bfc062723c751e8b465ee728b)  -> (artifact id: 'dfac60d8e16a3b20ca3282dd82e37241') in 0.011899 seconds 
  Import took 0.015554 seconds .

========================================================================
Received Import Request.
  Time since last request: 3.069737 seconds.
  path: Assets/Monqo Pipe Wrench
  artifactKey: Guid(2defd5b9328fb414b9937bd4f54eda31) Importer(815301076,1909f56bfc062723c751e8b465ee728b)
Start importing Assets/Monqo Pipe Wrench using Guid(2defd5b9328fb414b9937bd4f54eda31) Importer(815301076,1909f56bfc062723c751e8b465ee728b)  -> (artifact id: 'd04a5756f0f8d5facddaf7fdaa6eea45') in 0.011972 seconds 
  Import took 0.015464 seconds .

========================================================================
Received Import Request.
  Time since last request: 38.068354 seconds.
  path: Assets/Prefabs/Cubby test.prefab
  artifactKey: Guid(5d891a7cd7b205341a58df2815df767c) Importer(815301076,1909f56bfc062723c751e8b465ee728b)
Start importing Assets/Prefabs/Cubby test.prefab using Guid(5d891a7cd7b205341a58df2815df767c) Importer(815301076,1909f56bfc062723c751e8b465ee728b)  -> (artifact id: '330ef6099e401e600b4fa5373181a03e') in 0.014069 seconds 
  Import took 0.017497 seconds .

========================================================================
Received Import Request.
  Time since last request: 0.000203 seconds.
  path: Assets/Prefabs/Cubby_tools_test.prefab
  artifactKey: Guid(76a076d669f087b459c9fa258fb2f4ad) Importer(815301076,1909f56bfc062723c751e8b465ee728b)
Start importing Assets/Prefabs/Cubby_tools_test.prefab using Guid(76a076d669f087b459c9fa258fb2f4ad) Importer(815301076,1909f56bfc062723c751e8b465ee728b)  -> (artifact id: '019a4a71e67a51dd03a8a9ccc8650bd9') in 0.126964 seconds 
  Import took 0.138298 seconds .

========================================================================
Received Import Request.
  Time since last request: 0.000230 seconds.
  path: Assets/Prefabs/Row of cuby test.prefab
  artifactKey: Guid(fb2983f1956931d4c811daf13b0f563e) Importer(815301076,1909f56bfc062723c751e8b465ee728b)
Start importing Assets/Prefabs/Row of cuby test.prefab using Guid(fb2983f1956931d4c811daf13b0f563e) Importer(815301076,1909f56bfc062723c751e8b465ee728b)  -> (artifact id: '0db7e3058491ee0434adca02e98681a0') in 0.016027 seconds 
  Import took 0.019609 seconds .

========================================================================
Received Import Request.
  Time since last request: 35.524372 seconds.
  path: Assets/Prefabs/Drop-off.prefab
  artifactKey: Guid(05608374a1b5bbf41b0ced8377e0b4a8) Importer(815301076,1909f56bfc062723c751e8b465ee728b)
Start importing Assets/Prefabs/Drop-off.prefab using Guid(05608374a1b5bbf41b0ced8377e0b4a8) Importer(815301076,1909f56bfc062723c751e8b465ee728b)  -> (artifact id: '5688349da1b97d1c01398b448c714c90') in 0.010593 seconds 
  Import took 0.014379 seconds .

========================================================================
Received Import Request.
  Time since last request: 7.332211 seconds.
  path: Assets/Prefabs/Drop-off.prefab
  artifactKey: Guid(05608374a1b5bbf41b0ced8377e0b4a8) Importer(815301076,1909f56bfc062723c751e8b465ee728b)
Start importing Assets/Prefabs/Drop-off.prefab using Guid(05608374a1b5bbf41b0ced8377e0b4a8) Importer(815301076,1909f56bfc062723c751e8b465ee728b)  -> (artifact id: '4e635da3e4de395cbcc1e2b94122890c') in 0.018901 seconds 
  Import took 0.023135 seconds .

========================================================================
Received Import Request.
  Time since last request: 123.467105 seconds.
  path: Assets/Locker/Prefabs
  artifactKey: Guid(a523defcf5b7d8646b5f19d7691f2702) Importer(815301076,1909f56bfc062723c751e8b465ee728b)
Start importing Assets/Locker/Prefabs using Guid(a523defcf5b7d8646b5f19d7691f2702) Importer(815301076,1909f56bfc062723c751e8b465ee728b)  -> (artifact id: '806d4b1d889249012acb85f5af08ca0c') in 0.010268 seconds 
  Import took 0.013884 seconds .

========================================================================
Received Import Request.
  Time since last request: 0.000240 seconds.
  path: Assets/Locker/Prefabs/locker_01a.prefab
  artifactKey: Guid(b7b9112f4651c5341af4f4f45a166e03) Importer(815301076,1909f56bfc062723c751e8b465ee728b)
Start importing Assets/Locker/Prefabs/locker_01a.prefab using Guid(b7b9112f4651c5341af4f4f45a166e03) Importer(815301076,1909f56bfc062723c751e8b465ee728b)  -> (artifact id: '3390db3fd06f523b2f892c1041673db5') in 0.034867 seconds 
  Import took 0.038015 seconds .

========================================================================
Received Import Request.
  Time since last request: 286.516897 seconds.
  path: Assets/Prefabs/Drop-off.prefab
  artifactKey: Guid(05608374a1b5bbf41b0ced8377e0b4a8) Importer(815301076,1909f56bfc062723c751e8b465ee728b)
Start importing Assets/Prefabs/Drop-off.prefab using Guid(05608374a1b5bbf41b0ced8377e0b4a8) Importer(815301076,1909f56bfc062723c751e8b465ee728b)  -> (artifact id: '8f651147b380b8d8e279a95caa585a93') in 0.050840 seconds 
  Import took 0.055599 seconds .

